[autocommit] watching /home/stone/vps-rpc every 10s, branch=main
bumped version: 1.0.4 -> 1.0.5
[main 18c4189] chore(auto): save work @ 2025-10-30 17:27:47
 11 files changed, 155 insertions(+), 21 deletions(-)
 create mode 100644 autocommit.out
 create mode 100644 autocommit.pid
 create mode 100755 scripts/autocommit.sh
To https://github.com/vistone/vps-rpc.git
   44062ff..18c4189  main -> main
分支 'main' 设置为跟踪 'origin/main'。
bumped version: 1.0.5 -> 1.0.6
[main 08b8dc4] chore(auto): save work @ 2025-10-30 17:27:58
 3 files changed, 11 insertions(+), 2 deletions(-)
To https://github.com/vistone/vps-rpc.git
   18c4189..08b8dc4  main -> main
分支 'main' 设置为跟踪 'origin/main'。
bumped version: 1.0.6 -> 1.0.7
[main dc87ebb] chore(auto): save work @ 2025-10-30 17:28:10
 3 files changed, 8 insertions(+), 2 deletions(-)
To https://github.com/vistone/vps-rpc.git
   08b8dc4..dc87ebb  main -> main
分支 'main' 设置为跟踪 'origin/main'。
bumped version: 1.0.7 -> 1.0.8
[main e31c9d2] chore(auto): save work @ 2025-10-30 17:28:22
 3 files changed, 8 insertions(+), 2 deletions(-)
To https://github.com/vistone/vps-rpc.git
   dc87ebb..e31c9d2  main -> main
分支 'main' 设置为跟踪 'origin/main'。
bumped version: 1.0.9 -> 1.0.10
[main 1c4c317] chore(auto): save work @ 2025-10-30 17:29:43
 3 files changed, 28 insertions(+), 2 deletions(-)
 create mode 100644 tmp_burst_main.go
To https://github.com/vistone/vps-rpc.git
   cf002fa..1c4c317  main -> main
分支 'main' 设置为跟踪 'origin/main'。
bumped version: 1.0.10 -> 1.0.11
[main 17698bc] chore(auto): save work @ 2025-10-30 17:29:55
 3 files changed, 9 insertions(+), 2 deletions(-)
To https://github.com/vistone/vps-rpc.git
   1c4c317..17698bc  main -> main
分支 'main' 设置为跟踪 'origin/main'。
bumped version: 1.0.11 -> 1.0.12
[main ed4e3a5] chore(auto): save work @ 2025-10-30 17:30:07
 3 files changed, 8 insertions(+), 2 deletions(-)
To https://github.com/vistone/vps-rpc.git
   17698bc..ed4e3a5  main -> main
分支 'main' 设置为跟踪 'origin/main'。
bumped version: 1.0.12 -> 1.0.13
[main 3f5bc47] chore(auto): save work @ 2025-10-30 17:30:18
 3 files changed, 8 insertions(+), 2 deletions(-)
To https://github.com/vistone/vps-rpc.git
   ed4e3a5..3f5bc47  main -> main
分支 'main' 设置为跟踪 'origin/main'。
bumped version: 1.0.13 -> 1.0.14
[main 745c0c5] chore(auto): save work @ 2025-10-30 17:30:30
 3 files changed, 8 insertions(+), 2 deletions(-)
To https://github.com/vistone/vps-rpc.git
   3f5bc47..745c0c5  main -> main
分支 'main' 设置为跟踪 'origin/main'。
