{"level":"info","msg":"正在启动 VPS-RPC 爬虫代理服务器...","time":"2025-10-31T11:27:33+08:00"}
{"level":"info","msg":"VPS-RPC 爬虫代理服务器已启动","time":"2025-10-31T11:27:33+08:00"}
{"level":"info","msg":"正在关闭服务器...","time":"2025-10-31T11:35:13+08:00"}
{"level":"info","msg":"服务器已停止","time":"2025-10-31T11:35:13+08:00"}
{"level":"info","msg":"正在启动 VPS-RPC 爬虫代理服务器...","time":"2025-10-31T12:36:52+08:00"}
{"level":"info","msg":"VPS-RPC 爬虫代理服务器已启动","time":"2025-10-31T12:36:52+08:00"}
{"level":"info","msg":"正在关闭服务器...","time":"2025-10-31T12:44:23+08:00"}
{"level":"info","msg":"服务器已停止","time":"2025-10-31T12:44:23+08:00"}
{"level":"info","msg":"正在启动 VPS-RPC 爬虫代理服务器...","time":"2025-10-31T12:49:19+08:00"}
{"level":"info","msg":"VPS-RPC 爬虫代理服务器已启动","time":"2025-10-31T12:49:19+08:00"}
{"level":"info","msg":"正在启动 VPS-RPC 爬虫代理服务器...","time":"2025-10-31T13:00:46+08:00"}
{"level":"info","msg":"正在启动 VPS-RPC 爬虫代理服务器...","time":"2025-10-31T13:00:49+08:00"}
{"level":"info","msg":"正在关闭服务器...","time":"2025-10-31T13:01:03+08:00"}
{"level":"info","msg":"服务器已停止","time":"2025-10-31T13:01:03+08:00"}
{"level":"info","msg":"正在启动 VPS-RPC 爬虫代理服务器...","time":"2025-10-31T13:29:11+08:00"}
{"level":"info","msg":"PeerService已启用，支持节点间DNS池共享","time":"2025-10-31T13:29:11+08:00"}
{"level":"info","msg":"PeerSyncManager已启动，定期与种子节点同步","time":"2025-10-31T13:29:11+08:00"}
{"level":"info","msg":"VPS-RPC 爬虫代理服务器已启动","time":"2025-10-31T13:29:11+08:00"}
{"level":"info","msg":"正在关闭服务器...","time":"2025-10-31T13:29:24+08:00"}
{"level":"info","msg":"服务器已停止","time":"2025-10-31T13:29:24+08:00"}
